<?xml version="1.0" encoding="UTF-8"?>
<!-- Generated by org.testng.reporters.JUnitReportReporter -->
<testsuite hostname="DESKTOP-3MGC7F6" failures="0" tests="1" name="rahulshettyacademy.Tests.ErrorValidationsTest" time="6.411" errors="0" timestamp="2025-01-04T12:02:40 IST" skipped="0">
  <testcase classname="rahulshettyacademy.Tests.ErrorValidationsTest" name="loginErrorValidation" time="6.411"/>
</testsuite> <!-- rahulshettyacademy.Tests.ErrorValidationsTest -->
