<?xml version="1.0" encoding="UTF-8"?>
<!-- Generated by org.testng.reporters.JUnitReportReporter -->
<testsuite hostname="HIJ-LP320" failures="0" tests="3" name="rahulshettyacademy.Tests.SubmitOrderTest" time="18.698" errors="0" timestamp="2025-01-02T22:07:54 IST" skipped="0">
  <testcase classname="rahulshettyacademy.Tests.SubmitOrderTest" name="orderHistoryTest" time="4.202"/>
  <testcase classname="rahulshettyacademy.Tests.SubmitOrderTest" name="submitOrder" time="8.211"/>
  <testcase classname="rahulshettyacademy.Tests.SubmitOrderTest" name="submitOrder" time="6.285"/>
</testsuite> <!-- rahulshettyacademy.Tests.SubmitOrderTest -->
