<?xml version="1.0" encoding="UTF-8"?>
<!-- Generated by org.testng.reporters.JUnitReportReporter -->
<testsuite hostname="HIJ-LP320" failures="0" tests="1" name="rahulshettyacademy.Tests.ErrorValidationsTest" time="6.749" errors="0" timestamp="2025-01-03T12:47:12 IST" skipped="0">
  <testcase classname="rahulshettyacademy.Tests.ErrorValidationsTest" name="loginErrorValidation" time="6.749"/>
</testsuite> <!-- rahulshettyacademy.Tests.ErrorValidationsTest -->
