<?xml version="1.0" encoding="UTF-8"?>
<!-- Generated by org.testng.reporters.JUnitReportReporter -->
<testsuite hostname="HIJ-LP320" failures="0" tests="2" name="rahulshettyacademy.Tests.SubmitOrderTest" time="20.510" errors="0" timestamp="2025-01-03T13:03:23 IST" skipped="0">
  <testcase classname="rahulshettyacademy.Tests.SubmitOrderTest" name="submitOrder" time="9.542"/>
  <testcase classname="rahulshettyacademy.Tests.SubmitOrderTest" name="submitOrder" time="10.968"/>
</testsuite> <!-- rahulshettyacademy.Tests.SubmitOrderTest -->
